<?xml version="1.0" encoding="UTF-8"?>
<!-- Generated by org.testng.reporters.JUnitXMLReporter -->
<testsuite hostname="Sumit" name="Default test" tests="4" failures="0" timestamp="21 Sep 2020 18:40:29 GMT" time="15.593" errors="0">
  <testcase name="loginTestWithCredentials" time="4.131" classname="testScripts.loginPage.LoginTest"/>
  <testcase name="loginTestWithCredentials" time="0.001" classname="testScripts.loginPage.LoginTest">
    <skipped/>
  </testcase> <!-- loginTestWithCredentials -->
  <testcase name="loginTestWithCredentials" time="0.0" classname="testScripts.loginPage.LoginTest">
    <skipped/>
  </testcase> <!-- loginTestWithCredentials -->
  <testcase name="loginTestWithCredentials" time="0.001" classname="testScripts.loginPage.LoginTest">
    <skipped/>
  </testcase> <!-- loginTestWithCredentials -->
</testsuite> <!-- Default test -->
