<?xml version="1.0" encoding="UTF-8"?>
<!-- Generated by org.testng.reporters.JUnitXMLReporter -->
<testsuite hostname="Sumit" name="LoginTest" tests="4" failures="0" timestamp="25 Sep 2020 17:31:58 GMT" time="16.953" errors="0">
  <testcase name="loginTestWithCredentials" time="5.195" classname="testScripts.loginPage.LoginTest"/>
  <testcase name="loginTestWithCredentials" time="0.004" classname="testScripts.loginPage.LoginTest">
    <skipped/>
  </testcase> <!-- loginTestWithCredentials -->
  <testcase name="loginTestWithCredentials" time="0.002" classname="testScripts.loginPage.LoginTest">
    <skipped/>
  </testcase> <!-- loginTestWithCredentials -->
  <testcase name="loginTestWithCredentials" time="0.001" classname="testScripts.loginPage.LoginTest">
    <skipped/>
  </testcase> <!-- loginTestWithCredentials -->
</testsuite> <!-- LoginTest -->
