<?xml version="1.0" encoding="UTF-8"?>
<!-- Generated by org.testng.reporters.JUnitXMLReporter -->
<testsuite hostname="Sumit" name="Test2" tests="1" failures="1" timestamp="11 Sep 2020 19:51:27 GMT" time="6.237" errors="0">
  <testcase name="login4" time="0.001" classname="testScripts.Test2">
    <failure type="java.lang.AssertionError" message="expected [true] but found [false]">
      <![CDATA[java.lang.AssertionError: expected [true] but found [false]
	at com.guru99demo.helper.assertions.AssertionHelper.fail(AssertionHelper.java:56)
	at testScripts.Test2.login4(Test2.java:12)
... Removed 28 stack frames]]>
    </failure>
  </testcase> <!-- login4 -->
</testsuite> <!-- Test2 -->
