<?xml version="1.0" encoding="UTF-8"?>
<!-- Generated by org.testng.reporters.JUnitXMLReporter -->
<testsuite hostname="Sumit" name="verifyProductNameInSortedOrderInProductCategoryPage" tests="1" failures="0" timestamp="21 Nov 2020 18:25:49 GMT" time="18.399" errors="0">
  <testcase name="verifyProductNameInSortedOrderInProductCategoryPage" time="5.71" classname="testScripts.productCategoryPage.VerifyProductNameInSortedOrder"/>
</testsuite> <!-- verifyProductNameInSortedOrderInProductCategoryPage -->
