<?xml version="1.0" encoding="UTF-8"?>
<!-- Generated by org.testng.reporters.JUnitXMLReporter -->
<testsuite hostname="Sumit" name="verifyProductNameInSortedOrderInProductCategoryPage" tests="1" failures="0" timestamp="22 Nov 2020 19:19:14 GMT" time="15.963" errors="0">
  <testcase name="verifyProductNameInSortedOrderInProductCategoryPage" time="6.51" classname="testScripts.productCategoryPage.VerifyProductNameInSortedOrder"/>
</testsuite> <!-- verifyProductNameInSortedOrderInProductCategoryPage -->
