<?xml version="1.0" encoding="UTF-8"?>
<testng-results skipped="0" failed="0" total="1" passed="1">
  <reporter-output>
    <line>
      <![CDATA[Add To Cart Class Started..]]>
    </line>
    <line>
      <![CDATA[verifyUpdateAddItemCart Test Started..]]>
    </line>
    <line>
      <![CDATA[verifyUpdateAddItemCart Test Passed..]]>
    </line>
  </reporter-output>
  <suite name="Suite" duration-ms="24909" started-at="2020-11-21T18:27:52Z" finished-at="2020-11-21T18:28:17Z">
    <groups>
    </groups>
    <test name="Add To Cart" duration-ms="24909" started-at="2020-11-21T18:27:52Z" finished-at="2020-11-21T18:28:17Z">
      <class name="testScripts.addToCart.VerifyAddToCartPage">
        <test-method status="PASS" signature="beforeSuite()[pri:0, instance:testScripts.addToCart.VerifyAddToCartPage@2669b199]" name="beforeSuite" is-config="true" duration-ms="219" started-at="2020-11-21T23:57:51Z" finished-at="2020-11-21T23:57:52Z">
          <reporter-output>
          </reporter-output>
        </test-method> <!-- beforeSuite -->
        <test-method status="PASS" signature="beforeTest()[pri:0, instance:testScripts.addToCart.VerifyAddToCartPage@2669b199]" name="beforeTest" is-config="true" duration-ms="6530" started-at="2020-11-21T23:57:52Z" finished-at="2020-11-21T23:57:58Z">
          <reporter-output>
          </reporter-output>
        </test-method> <!-- beforeTest -->
        <test-method status="PASS" signature="beforeClass()[pri:0, instance:testScripts.addToCart.VerifyAddToCartPage@2669b199]" name="beforeClass" is-config="true" duration-ms="7014" started-at="2020-11-21T23:57:58Z" finished-at="2020-11-21T23:58:05Z">
          <reporter-output>
          </reporter-output>
        </test-method> <!-- beforeClass -->
        <test-method status="PASS" signature="beforeMethod(java.lang.reflect.Method)[pri:0, instance:testScripts.addToCart.VerifyAddToCartPage@2669b199]" name="beforeMethod" is-config="true" duration-ms="2" started-at="2020-11-21T23:58:05Z" finished-at="2020-11-21T23:58:05Z">
          <params>
            <param index="0">
              <value>
                <![CDATA[public void testScripts.addToCart.VerifyAddToCartPage.verifyUpdateAddItemCart()]]>
              </value>
            </param>
          </params>
          <reporter-output>
          </reporter-output>
        </test-method> <!-- beforeMethod -->
        <test-method status="PASS" signature="verifyUpdateAddItemCart()[pri:0, instance:testScripts.addToCart.VerifyAddToCartPage@2669b199]" name="verifyUpdateAddItemCart" duration-ms="10258" started-at="2020-11-21T23:58:05Z" finished-at="2020-11-21T23:58:16Z">
          <reporter-output>
            <line>
              <![CDATA[verifyUpdateAddItemCart Test Passed..]]>
            </line>
          </reporter-output>
        </test-method> <!-- verifyUpdateAddItemCart -->
        <test-method status="PASS" signature="afterMethod(org.testng.ITestResult)[pri:0, instance:testScripts.addToCart.VerifyAddToCartPage@2669b199]" name="afterMethod" is-config="true" duration-ms="350" started-at="2020-11-21T23:58:16Z" finished-at="2020-11-21T23:58:16Z">
          <params>
            <param index="0">
              <value>
                <![CDATA[[TestResult name=verifyUpdateAddItemCart status=SUCCESS method=VerifyAddToCartPage.verifyUpdateAddItemCart()[pri:0, instance:testScripts.addToCart.VerifyAddToCartPage@2669b199] output=verifyUpdateAddItemCart Test Passed..]]]>
              </value>
            </param>
          </params>
          <reporter-output>
          </reporter-output>
        </test-method> <!-- afterMethod -->
        <test-method status="PASS" signature="afterTest()[pri:0, instance:testScripts.addToCart.VerifyAddToCartPage@2669b199]" name="afterTest" is-config="true" duration-ms="741" started-at="2020-11-21T23:58:16Z" finished-at="2020-11-21T23:58:17Z">
          <reporter-output>
          </reporter-output>
        </test-method> <!-- afterTest -->
      </class> <!-- testScripts.addToCart.VerifyAddToCartPage -->
    </test> <!-- Add To Cart -->
  </suite> <!-- Suite -->
</testng-results>
